<?xml version="1.0" encoding="UTF-8"?>
<testng-results total="1" passed="1" failed="0" skipped="0">
  <reporter-output>
  </reporter-output>
  <suite started-at="2018-05-20T03:14:35Z" name="Default suite" finished-at="2018-05-20T03:14:56Z" duration-ms="21710">
    <groups>
    </groups>
    <test started-at="2018-05-20T03:14:35Z" name="Default test" finished-at="2018-05-20T03:14:56Z" duration-ms="21710">
      <class name="Maven.ProfileUpdate">
        <test-method is-config="true" signature="precondition()[pri:0, instance:Maven.ProfileUpdate@236e3f4e]" started-at="2018-05-19T23:14:35Z" name="precondition" finished-at="2018-05-19T23:14:45Z" duration-ms="9874" status="PASS">
          <reporter-output>
          </reporter-output>
        </test-method> <!-- precondition -->
        <test-method signature="login()[pri:0, instance:Maven.ProfileUpdate@236e3f4e]" started-at="2018-05-19T23:14:45Z" name="login" finished-at="2018-05-19T23:14:56Z" duration-ms="11789" status="PASS">
          <reporter-output>
          </reporter-output>
        </test-method> <!-- login -->
      </class> <!-- Maven.ProfileUpdate -->
    </test> <!-- Default test -->
  </suite> <!-- Default suite -->
</testng-results>
